{"/Users/saheedyususf/react-app/react-social-app/src/App.js": {"path":"/Users/saheedyususf/react-app/react-social-app/src/App.js","statementMap":{"0":{"start":{"line":6,"column":2},"end":{"line":23,"column":4}}},"fnMap":{"0":{"name":"App","decl":{"start":{"line":5,"column":9},"end":{"line":5,"column":12}},"loc":{"start":{"line":5,"column":15},"end":{"line":24,"column":1}},"line":5}},"branchMap":{},"s":{"0":0},"f":{"0":0},"b":{},"hash":"d43ba4467e94d9b66d2e079b03c5c323f1ef3dd2"}
,"/Users/saheedyususf/react-app/react-social-app/src/index.js": {"path":"/Users/saheedyususf/react-app/react-social-app/src/index.js","statementMap":{"0":{"start":{"line":10,"column":18},"end":{"line":10,"column":86}},"1":{"start":{"line":12,"column":0},"end":{"line":16,"column":35}},"2":{"start":{"line":21,"column":0},"end":{"line":21,"column":27}}},"fnMap":{},"branchMap":{"0":{"loc":{"start":{"line":10,"column":18},"end":{"line":10,"column":86}},"type":"cond-expr","locations":[{"start":{"line":10,"column":74},"end":{"line":10,"column":78}},{"start":{"line":10,"column":81},"end":{"line":10,"column":86}}],"line":10}},"s":{"0":0,"1":0,"2":0},"f":{},"b":{"0":[0,0]},"hash":"ad70ec28c1566af549b68341195624bb586e1096"}
,"/Users/saheedyususf/react-app/react-social-app/src/serviceWorker.js": {"path":"/Users/saheedyususf/react-app/react-social-app/src/serviceWorker.js","statementMap":{"0":{"start":{"line":13,"column":20},"end":{"line":21,"column":1}},"1":{"start":{"line":24,"column":2},"end":{"line":54,"column":3}},"2":{"start":{"line":26,"column":22},"end":{"line":26,"column":75}},"3":{"start":{"line":27,"column":4},"end":{"line":32,"column":5}},"4":{"start":{"line":31,"column":6},"end":{"line":31,"column":13}},"5":{"start":{"line":34,"column":4},"end":{"line":53,"column":7}},"6":{"start":{"line":35,"column":20},"end":{"line":35,"column":65}},"7":{"start":{"line":37,"column":6},"end":{"line":52,"column":7}},"8":{"start":{"line":39,"column":8},"end":{"line":39,"column":47}},"9":{"start":{"line":43,"column":8},"end":{"line":48,"column":11}},"10":{"start":{"line":44,"column":10},"end":{"line":47,"column":12}},"11":{"start":{"line":51,"column":8},"end":{"line":51,"column":39}},"12":{"start":{"line":58,"column":2},"end":{"line":98,"column":7}},"13":{"start":{"line":61,"column":6},"end":{"line":94,"column":8}},"14":{"start":{"line":62,"column":33},"end":{"line":62,"column":56}},"15":{"start":{"line":63,"column":8},"end":{"line":65,"column":9}},"16":{"start":{"line":64,"column":10},"end":{"line":64,"column":17}},"17":{"start":{"line":66,"column":8},"end":{"line":93,"column":10}},"18":{"start":{"line":67,"column":10},"end":{"line":92,"column":11}},"19":{"start":{"line":68,"column":12},"end":{"line":91,"column":13}},"20":{"start":{"line":72,"column":14},"end":{"line":75,"column":16}},"21":{"start":{"line":78,"column":14},"end":{"line":80,"column":15}},"22":{"start":{"line":79,"column":16},"end":{"line":79,"column":46}},"23":{"start":{"line":85,"column":14},"end":{"line":85,"column":64}},"24":{"start":{"line":88,"column":14},"end":{"line":90,"column":15}},"25":{"start":{"line":89,"column":16},"end":{"line":89,"column":47}},"26":{"start":{"line":97,"column":6},"end":{"line":97,"column":72}},"27":{"start":{"line":103,"column":2},"end":{"line":128,"column":7}},"28":{"start":{"line":108,"column":26},"end":{"line":108,"column":62}},"29":{"start":{"line":109,"column":6},"end":{"line":122,"column":7}},"30":{"start":{"line":114,"column":8},"end":{"line":118,"column":11}},"31":{"start":{"line":115,"column":10},"end":{"line":117,"column":13}},"32":{"start":{"line":116,"column":12},"end":{"line":116,"column":37}},"33":{"start":{"line":121,"column":8},"end":{"line":121,"column":39}},"34":{"start":{"line":125,"column":6},"end":{"line":127,"column":8}},"35":{"start":{"line":132,"column":2},"end":{"line":136,"column":3}},"36":{"start":{"line":133,"column":4},"end":{"line":135,"column":7}},"37":{"start":{"line":134,"column":6},"end":{"line":134,"column":32}}},"fnMap":{"0":{"name":"register","decl":{"start":{"line":23,"column":16},"end":{"line":23,"column":24}},"loc":{"start":{"line":23,"column":33},"end":{"line":55,"column":1}},"line":23},"1":{"name":"(anonymous_1)","decl":{"start":{"line":34,"column":36},"end":{"line":34,"column":37}},"loc":{"start":{"line":34,"column":42},"end":{"line":53,"column":5}},"line":34},"2":{"name":"(anonymous_2)","decl":{"start":{"line":43,"column":43},"end":{"line":43,"column":44}},"loc":{"start":{"line":43,"column":49},"end":{"line":48,"column":9}},"line":43},"3":{"name":"registerValidSW","decl":{"start":{"line":57,"column":9},"end":{"line":57,"column":24}},"loc":{"start":{"line":57,"column":40},"end":{"line":99,"column":1}},"line":57},"4":{"name":"(anonymous_4)","decl":{"start":{"line":60,"column":10},"end":{"line":60,"column":11}},"loc":{"start":{"line":60,"column":26},"end":{"line":95,"column":5}},"line":60},"5":{"name":"(anonymous_5)","decl":{"start":{"line":61,"column":35},"end":{"line":61,"column":36}},"loc":{"start":{"line":61,"column":41},"end":{"line":94,"column":7}},"line":61},"6":{"name":"(anonymous_6)","decl":{"start":{"line":66,"column":41},"end":{"line":66,"column":42}},"loc":{"start":{"line":66,"column":47},"end":{"line":93,"column":9}},"line":66},"7":{"name":"(anonymous_7)","decl":{"start":{"line":96,"column":11},"end":{"line":96,"column":12}},"loc":{"start":{"line":96,"column":20},"end":{"line":98,"column":5}},"line":96},"8":{"name":"checkValidServiceWorker","decl":{"start":{"line":101,"column":9},"end":{"line":101,"column":32}},"loc":{"start":{"line":101,"column":48},"end":{"line":129,"column":1}},"line":101},"9":{"name":"(anonymous_9)","decl":{"start":{"line":106,"column":10},"end":{"line":106,"column":11}},"loc":{"start":{"line":106,"column":22},"end":{"line":123,"column":5}},"line":106},"10":{"name":"(anonymous_10)","decl":{"start":{"line":114,"column":43},"end":{"line":114,"column":44}},"loc":{"start":{"line":114,"column":59},"end":{"line":118,"column":9}},"line":114},"11":{"name":"(anonymous_11)","decl":{"start":{"line":115,"column":41},"end":{"line":115,"column":42}},"loc":{"start":{"line":115,"column":47},"end":{"line":117,"column":11}},"line":115},"12":{"name":"(anonymous_12)","decl":{"start":{"line":124,"column":11},"end":{"line":124,"column":12}},"loc":{"start":{"line":124,"column":17},"end":{"line":128,"column":5}},"line":124},"13":{"name":"unregister","decl":{"start":{"line":131,"column":16},"end":{"line":131,"column":26}},"loc":{"start":{"line":131,"column":29},"end":{"line":137,"column":1}},"line":131},"14":{"name":"(anonymous_14)","decl":{"start":{"line":133,"column":39},"end":{"line":133,"column":40}},"loc":{"start":{"line":133,"column":55},"end":{"line":135,"column":5}},"line":133}},"branchMap":{"0":{"loc":{"start":{"line":14,"column":2},"end":{"line":20,"column":5}},"type":"binary-expr","locations":[{"start":{"line":14,"column":2},"end":{"line":14,"column":42}},{"start":{"line":16,"column":4},"end":{"line":16,"column":40}},{"start":{"line":18,"column":4},"end":{"line":20,"column":5}}],"line":14},"1":{"loc":{"start":{"line":24,"column":2},"end":{"line":54,"column":3}},"type":"if","locations":[{"start":{"line":24,"column":2},"end":{"line":54,"column":3}},{"start":{"line":24,"column":2},"end":{"line":54,"column":3}}],"line":24},"2":{"loc":{"start":{"line":24,"column":6},"end":{"line":24,"column":75}},"type":"binary-expr","locations":[{"start":{"line":24,"column":6},"end":{"line":24,"column":43}},{"start":{"line":24,"column":47},"end":{"line":24,"column":75}}],"line":24},"3":{"loc":{"start":{"line":27,"column":4},"end":{"line":32,"column":5}},"type":"if","locations":[{"start":{"line":27,"column":4},"end":{"line":32,"column":5}},{"start":{"line":27,"column":4},"end":{"line":32,"column":5}}],"line":27},"4":{"loc":{"start":{"line":37,"column":6},"end":{"line":52,"column":7}},"type":"if","locations":[{"start":{"line":37,"column":6},"end":{"line":52,"column":7}},{"start":{"line":37,"column":6},"end":{"line":52,"column":7}}],"line":37},"5":{"loc":{"start":{"line":63,"column":8},"end":{"line":65,"column":9}},"type":"if","locations":[{"start":{"line":63,"column":8},"end":{"line":65,"column":9}},{"start":{"line":63,"column":8},"end":{"line":65,"column":9}}],"line":63},"6":{"loc":{"start":{"line":67,"column":10},"end":{"line":92,"column":11}},"type":"if","locations":[{"start":{"line":67,"column":10},"end":{"line":92,"column":11}},{"start":{"line":67,"column":10},"end":{"line":92,"column":11}}],"line":67},"7":{"loc":{"start":{"line":68,"column":12},"end":{"line":91,"column":13}},"type":"if","locations":[{"start":{"line":68,"column":12},"end":{"line":91,"column":13}},{"start":{"line":68,"column":12},"end":{"line":91,"column":13}}],"line":68},"8":{"loc":{"start":{"line":78,"column":14},"end":{"line":80,"column":15}},"type":"if","locations":[{"start":{"line":78,"column":14},"end":{"line":80,"column":15}},{"start":{"line":78,"column":14},"end":{"line":80,"column":15}}],"line":78},"9":{"loc":{"start":{"line":78,"column":18},"end":{"line":78,"column":43}},"type":"binary-expr","locations":[{"start":{"line":78,"column":18},"end":{"line":78,"column":24}},{"start":{"line":78,"column":28},"end":{"line":78,"column":43}}],"line":78},"10":{"loc":{"start":{"line":88,"column":14},"end":{"line":90,"column":15}},"type":"if","locations":[{"start":{"line":88,"column":14},"end":{"line":90,"column":15}},{"start":{"line":88,"column":14},"end":{"line":90,"column":15}}],"line":88},"11":{"loc":{"start":{"line":88,"column":18},"end":{"line":88,"column":44}},"type":"binary-expr","locations":[{"start":{"line":88,"column":18},"end":{"line":88,"column":24}},{"start":{"line":88,"column":28},"end":{"line":88,"column":44}}],"line":88},"12":{"loc":{"start":{"line":109,"column":6},"end":{"line":122,"column":7}},"type":"if","locations":[{"start":{"line":109,"column":6},"end":{"line":122,"column":7}},{"start":{"line":109,"column":6},"end":{"line":122,"column":7}}],"line":109},"13":{"loc":{"start":{"line":110,"column":8},"end":{"line":111,"column":73}},"type":"binary-expr","locations":[{"start":{"line":110,"column":8},"end":{"line":110,"column":31}},{"start":{"line":111,"column":9},"end":{"line":111,"column":28}},{"start":{"line":111,"column":32},"end":{"line":111,"column":72}}],"line":110},"14":{"loc":{"start":{"line":132,"column":2},"end":{"line":136,"column":3}},"type":"if","locations":[{"start":{"line":132,"column":2},"end":{"line":136,"column":3}},{"start":{"line":132,"column":2},"end":{"line":136,"column":3}}],"line":132}},"s":{"0":0,"1":0,"2":0,"3":0,"4":0,"5":0,"6":0,"7":0,"8":0,"9":0,"10":0,"11":0,"12":0,"13":0,"14":0,"15":0,"16":0,"17":0,"18":0,"19":0,"20":0,"21":0,"22":0,"23":0,"24":0,"25":0,"26":0,"27":0,"28":0,"29":0,"30":0,"31":0,"32":0,"33":0,"34":0,"35":0,"36":0,"37":0},"f":{"0":0,"1":0,"2":0,"3":0,"4":0,"5":0,"6":0,"7":0,"8":0,"9":0,"10":0,"11":0,"12":0,"13":0,"14":0},"b":{"0":[0,0,0],"1":[0,0],"2":[0,0],"3":[0,0],"4":[0,0],"5":[0,0],"6":[0,0],"7":[0,0],"8":[0,0],"9":[0,0],"10":[0,0],"11":[0,0],"12":[0,0],"13":[0,0,0],"14":[0,0]},"hash":"69d8e87f0e60fad72c45d1fc2c96cbba1be8a87e"}
,"/Users/saheedyususf/react-app/react-social-app/src/default-page/DefaultPage.js": {"path":"/Users/saheedyususf/react-app/react-social-app/src/default-page/DefaultPage.js","statementMap":{"0":{"start":{"line":12,"column":8},"end":{"line":34,"column":9}}},"fnMap":{"0":{"name":"(anonymous_0)","decl":{"start":{"line":11,"column":4},"end":{"line":11,"column":5}},"loc":{"start":{"line":11,"column":13},"end":{"line":35,"column":5}},"line":11}},"branchMap":{},"s":{"0":0},"f":{"0":0},"b":{},"hash":"0f129f2809db6386063cac48df8ac1984c205183"}
,"/Users/saheedyususf/react-app/react-social-app/src/default-page/postPageService.js": {"path":"/Users/saheedyususf/react-app/react-social-app/src/default-page/postPageService.js","statementMap":{},"fnMap":{},"branchMap":{},"s":{},"f":{},"b":{},"hash":"ff8e88270f698551441bfc66ec89f2de83b5b5f4"}
,"/Users/saheedyususf/react-app/react-social-app/src/home/home.js": {"path":"/Users/saheedyususf/react-app/react-social-app/src/home/home.js","statementMap":{"0":{"start":{"line":15,"column":8},"end":{"line":38,"column":9}}},"fnMap":{"0":{"name":"(anonymous_0)","decl":{"start":{"line":14,"column":4},"end":{"line":14,"column":5}},"loc":{"start":{"line":14,"column":13},"end":{"line":39,"column":5}},"line":14}},"branchMap":{},"s":{"0":0},"f":{"0":0},"b":{},"hash":"63516f651d36c0792d5a8e8511ed7dd7efdccb05"}
,"/Users/saheedyususf/react-app/react-social-app/src/login/login.js": {"path":"/Users/saheedyususf/react-app/react-social-app/src/login/login.js","statementMap":{"0":{"start":{"line":14,"column":8},"end":{"line":14,"column":21}},"1":{"start":{"line":15,"column":8},"end":{"line":19,"column":9}},"2":{"start":{"line":20,"column":8},"end":{"line":20,"column":67}},"3":{"start":{"line":23,"column":24},"end":{"line":27,"column":5}},"4":{"start":{"line":24,"column":8},"end":{"line":26,"column":11}},"5":{"start":{"line":30,"column":8},"end":{"line":32,"column":9}},"6":{"start":{"line":31,"column":12},"end":{"line":31,"column":40}},"7":{"start":{"line":35,"column":12},"end":{"line":55,"column":5}},"8":{"start":{"line":36,"column":8},"end":{"line":38,"column":11}},"9":{"start":{"line":39,"column":8},"end":{"line":39,"column":27}},"10":{"start":{"line":40,"column":8},"end":{"line":40,"column":32}},"11":{"start":{"line":41,"column":25},"end":{"line":41,"column":61}},"12":{"start":{"line":42,"column":8},"end":{"line":54,"column":9}},"13":{"start":{"line":43,"column":12},"end":{"line":43,"column":92}},"14":{"start":{"line":44,"column":12},"end":{"line":44,"column":89}},"15":{"start":{"line":45,"column":12},"end":{"line":45,"column":93}},"16":{"start":{"line":46,"column":12},"end":{"line":46,"column":91}},"17":{"start":{"line":48,"column":12},"end":{"line":48,"column":44}},"18":{"start":{"line":50,"column":12},"end":{"line":50,"column":36}},"19":{"start":{"line":51,"column":12},"end":{"line":53,"column":15}},"20":{"start":{"line":58,"column":8},"end":{"line":105,"column":9}}},"fnMap":{"0":{"name":"(anonymous_0)","decl":{"start":{"line":13,"column":4},"end":{"line":13,"column":5}},"loc":{"start":{"line":13,"column":23},"end":{"line":21,"column":5}},"line":13},"1":{"name":"(anonymous_1)","decl":{"start":{"line":23,"column":24},"end":{"line":23,"column":25}},"loc":{"start":{"line":23,"column":35},"end":{"line":27,"column":5}},"line":23},"2":{"name":"(anonymous_2)","decl":{"start":{"line":29,"column":4},"end":{"line":29,"column":5}},"loc":{"start":{"line":29,"column":25},"end":{"line":33,"column":5}},"line":29},"3":{"name":"(anonymous_3)","decl":{"start":{"line":35,"column":12},"end":{"line":35,"column":13}},"loc":{"start":{"line":35,"column":25},"end":{"line":55,"column":5}},"line":35},"4":{"name":"(anonymous_4)","decl":{"start":{"line":57,"column":4},"end":{"line":57,"column":5}},"loc":{"start":{"line":57,"column":13},"end":{"line":106,"column":5}},"line":57}},"branchMap":{"0":{"loc":{"start":{"line":30,"column":8},"end":{"line":32,"column":9}},"type":"if","locations":[{"start":{"line":30,"column":8},"end":{"line":32,"column":9}},{"start":{"line":30,"column":8},"end":{"line":32,"column":9}}],"line":30},"1":{"loc":{"start":{"line":42,"column":8},"end":{"line":54,"column":9}},"type":"if","locations":[{"start":{"line":42,"column":8},"end":{"line":54,"column":9}},{"start":{"line":42,"column":8},"end":{"line":54,"column":9}}],"line":42},"2":{"loc":{"start":{"line":42,"column":12},"end":{"line":42,"column":71}},"type":"binary-expr","locations":[{"start":{"line":42,"column":12},"end":{"line":42,"column":33}},{"start":{"line":42,"column":37},"end":{"line":42,"column":71}}],"line":42},"3":{"loc":{"start":{"line":83,"column":41},"end":{"line":89,"column":49}},"type":"cond-expr","locations":[{"start":{"line":83,"column":62},"end":{"line":89,"column":42}},{"start":{"line":89,"column":45},"end":{"line":89,"column":49}}],"line":83},"4":{"loc":{"start":{"line":90,"column":41},"end":{"line":90,"column":109}},"type":"cond-expr","locations":[{"start":{"line":90,"column":62},"end":{"line":90,"column":88}},{"start":{"line":90,"column":91},"end":{"line":90,"column":109}}],"line":90}},"s":{"0":0,"1":0,"2":0,"3":0,"4":0,"5":0,"6":0,"7":0,"8":0,"9":0,"10":0,"11":0,"12":0,"13":0,"14":0,"15":0,"16":0,"17":0,"18":0,"19":0,"20":0},"f":{"0":0,"1":0,"2":0,"3":0,"4":0},"b":{"0":[0,0],"1":[0,0],"2":[0,0],"3":[0,0],"4":[0,0]},"hash":"e1c1d61eb13a5c1a753279ea1ae1cf98350b018c"}
,"/Users/saheedyususf/react-app/react-social-app/src/login/login.service.js": {"path":"/Users/saheedyususf/react-app/react-social-app/src/login/login.service.js","statementMap":{"0":{"start":{"line":3,"column":18},"end":{"line":3,"column":73}},"1":{"start":{"line":4,"column":19},"end":{"line":4,"column":49}},"2":{"start":{"line":5,"column":18},"end":{"line":5,"column":24}},"3":{"start":{"line":6,"column":22},"end":{"line":6,"column":32}},"4":{"start":{"line":7,"column":30},"end":{"line":7,"column":84}},"5":{"start":{"line":9,"column":14},"end":{"line":35,"column":1}},"6":{"start":{"line":10,"column":4},"end":{"line":33,"column":5}},"7":{"start":{"line":11,"column":8},"end":{"line":11,"column":42}},"8":{"start":{"line":12,"column":8},"end":{"line":12,"column":63}},"9":{"start":{"line":13,"column":23},"end":{"line":18,"column":10}},"10":{"start":{"line":19,"column":8},"end":{"line":19,"column":29}},"11":{"start":{"line":22,"column":8},"end":{"line":22,"column":32}},"12":{"start":{"line":23,"column":8},"end":{"line":23,"column":59}},"13":{"start":{"line":24,"column":22},"end":{"line":24,"column":24}},"14":{"start":{"line":25,"column":8},"end":{"line":31,"column":9}},"15":{"start":{"line":26,"column":12},"end":{"line":26,"column":174}},"16":{"start":{"line":27,"column":15},"end":{"line":31,"column":9}},"17":{"start":{"line":28,"column":12},"end":{"line":28,"column":30}},"18":{"start":{"line":30,"column":12},"end":{"line":30,"column":44}},"19":{"start":{"line":32,"column":8},"end":{"line":32,"column":35}},"20":{"start":{"line":36,"column":15},"end":{"line":54,"column":1}},"21":{"start":{"line":37,"column":4},"end":{"line":53,"column":5}},"22":{"start":{"line":38,"column":8},"end":{"line":38,"column":63}},"23":{"start":{"line":39,"column":8},"end":{"line":39,"column":49}},"24":{"start":{"line":40,"column":8},"end":{"line":40,"column":35}},"25":{"start":{"line":42,"column":8},"end":{"line":42,"column":32}},"26":{"start":{"line":43,"column":8},"end":{"line":43,"column":50}},"27":{"start":{"line":44,"column":22},"end":{"line":44,"column":24}},"28":{"start":{"line":45,"column":8},"end":{"line":51,"column":9}},"29":{"start":{"line":46,"column":12},"end":{"line":46,"column":46}},"30":{"start":{"line":47,"column":15},"end":{"line":51,"column":9}},"31":{"start":{"line":48,"column":12},"end":{"line":48,"column":30}},"32":{"start":{"line":50,"column":12},"end":{"line":50,"column":44}},"33":{"start":{"line":52,"column":8},"end":{"line":52,"column":35}},"34":{"start":{"line":56,"column":45},"end":{"line":59,"column":1}},"35":{"start":{"line":57,"column":26},"end":{"line":57,"column":101}},"36":{"start":{"line":58,"column":4},"end":{"line":58,"column":25}}},"fnMap":{"0":{"name":"(anonymous_0)","decl":{"start":{"line":9,"column":14},"end":{"line":9,"column":15}},"loc":{"start":{"line":9,"column":35},"end":{"line":35,"column":1}},"line":9},"1":{"name":"(anonymous_1)","decl":{"start":{"line":36,"column":15},"end":{"line":36,"column":16}},"loc":{"start":{"line":36,"column":37},"end":{"line":54,"column":1}},"line":36},"2":{"name":"(anonymous_2)","decl":{"start":{"line":56,"column":45},"end":{"line":56,"column":46}},"loc":{"start":{"line":56,"column":51},"end":{"line":59,"column":1}},"line":56}},"branchMap":{"0":{"loc":{"start":{"line":25,"column":8},"end":{"line":31,"column":9}},"type":"if","locations":[{"start":{"line":25,"column":8},"end":{"line":31,"column":9}},{"start":{"line":25,"column":8},"end":{"line":31,"column":9}}],"line":25},"1":{"loc":{"start":{"line":25,"column":12},"end":{"line":25,"column":41}},"type":"binary-expr","locations":[{"start":{"line":25,"column":12},"end":{"line":25,"column":22}},{"start":{"line":25,"column":26},"end":{"line":25,"column":41}}],"line":25},"2":{"loc":{"start":{"line":26,"column":22},"end":{"line":26,"column":173}},"type":"cond-expr","locations":[{"start":{"line":26,"column":126},"end":{"line":26,"column":147}},{"start":{"line":26,"column":150},"end":{"line":26,"column":173}}],"line":26},"3":{"loc":{"start":{"line":26,"column":23},"end":{"line":26,"column":122}},"type":"binary-expr","locations":[{"start":{"line":26,"column":23},"end":{"line":26,"column":56}},{"start":{"line":26,"column":60},"end":{"line":26,"column":122}}],"line":26},"4":{"loc":{"start":{"line":27,"column":15},"end":{"line":31,"column":9}},"type":"if","locations":[{"start":{"line":27,"column":15},"end":{"line":31,"column":9}},{"start":{"line":27,"column":15},"end":{"line":31,"column":9}}],"line":27},"5":{"loc":{"start":{"line":45,"column":8},"end":{"line":51,"column":9}},"type":"if","locations":[{"start":{"line":45,"column":8},"end":{"line":51,"column":9}},{"start":{"line":45,"column":8},"end":{"line":51,"column":9}}],"line":45},"6":{"loc":{"start":{"line":45,"column":12},"end":{"line":45,"column":41}},"type":"binary-expr","locations":[{"start":{"line":45,"column":12},"end":{"line":45,"column":22}},{"start":{"line":45,"column":26},"end":{"line":45,"column":41}}],"line":45},"7":{"loc":{"start":{"line":47,"column":15},"end":{"line":51,"column":9}},"type":"if","locations":[{"start":{"line":47,"column":15},"end":{"line":51,"column":9}},{"start":{"line":47,"column":15},"end":{"line":51,"column":9}}],"line":47}},"s":{"0":0,"1":0,"2":0,"3":0,"4":0,"5":0,"6":0,"7":0,"8":0,"9":0,"10":0,"11":0,"12":0,"13":0,"14":0,"15":0,"16":0,"17":0,"18":0,"19":0,"20":0,"21":0,"22":0,"23":0,"24":0,"25":0,"26":0,"27":0,"28":0,"29":0,"30":0,"31":0,"32":0,"33":0,"34":0,"35":0,"36":0},"f":{"0":0,"1":0,"2":0},"b":{"0":[0,0],"1":[0,0],"2":[0,0],"3":[0,0],"4":[0,0],"5":[0,0],"6":[0,0],"7":[0,0]},"hash":"fb591a7c060709c560aca30a0a9f8cd832c98af2"}
,"/Users/saheedyususf/react-app/react-social-app/src/navbar/navbar.js": {"path":"/Users/saheedyususf/react-app/react-social-app/src/navbar/navbar.js","statementMap":{"0":{"start":{"line":11,"column":8},"end":{"line":11,"column":21}},"1":{"start":{"line":12,"column":8},"end":{"line":12,"column":51}},"2":{"start":{"line":16,"column":8},"end":{"line":16,"column":44}},"3":{"start":{"line":17,"column":8},"end":{"line":19,"column":9}},"4":{"start":{"line":18,"column":12},"end":{"line":18,"column":45}},"5":{"start":{"line":22,"column":8},"end":{"line":50,"column":9}}},"fnMap":{"0":{"name":"(anonymous_0)","decl":{"start":{"line":10,"column":4},"end":{"line":10,"column":5}},"loc":{"start":{"line":10,"column":23},"end":{"line":13,"column":5}},"line":10},"1":{"name":"(anonymous_1)","decl":{"start":{"line":15,"column":4},"end":{"line":15,"column":5}},"loc":{"start":{"line":15,"column":25},"end":{"line":20,"column":5}},"line":15},"2":{"name":"(anonymous_2)","decl":{"start":{"line":21,"column":4},"end":{"line":21,"column":5}},"loc":{"start":{"line":21,"column":13},"end":{"line":51,"column":5}},"line":21}},"branchMap":{"0":{"loc":{"start":{"line":17,"column":8},"end":{"line":19,"column":9}},"type":"if","locations":[{"start":{"line":17,"column":8},"end":{"line":19,"column":9}},{"start":{"line":17,"column":8},"end":{"line":19,"column":9}}],"line":17},"1":{"loc":{"start":{"line":22,"column":15},"end":{"line":50,"column":9}},"type":"cond-expr","locations":[{"start":{"line":22,"column":38},"end":{"line":22,"column":42}},{"start":{"line":23,"column":12},"end":{"line":49,"column":22}}],"line":22}},"s":{"0":0,"1":0,"2":0,"3":0,"4":0,"5":0},"f":{"0":0,"1":0,"2":0},"b":{"0":[0,0],"1":[0,0]},"hash":"5644524741858864aed24bd16c23d484834fa0bf"}
,"/Users/saheedyususf/react-app/react-social-app/src/post-page/post-item.js": {"path":"/Users/saheedyususf/react-app/react-social-app/src/post-page/post-item.js","statementMap":{"0":{"start":{"line":6,"column":17},"end":{"line":30,"column":1}},"1":{"start":{"line":8,"column":4},"end":{"line":28,"column":6}}},"fnMap":{"0":{"name":"(anonymous_0)","decl":{"start":{"line":6,"column":17},"end":{"line":6,"column":18}},"loc":{"start":{"line":6,"column":31},"end":{"line":30,"column":1}},"line":6}},"branchMap":{},"s":{"0":0,"1":0},"f":{"0":0},"b":{},"hash":"8878d9cc0462b2463c8d96c7f9e60a5d0c94467a"}
,"/Users/saheedyususf/react-app/react-social-app/src/post-page/post-page.js": {"path":"/Users/saheedyususf/react-app/react-social-app/src/post-page/post-page.js","statementMap":{"0":{"start":{"line":17,"column":8},"end":{"line":17,"column":21}},"1":{"start":{"line":18,"column":8},"end":{"line":23,"column":9}},"2":{"start":{"line":24,"column":8},"end":{"line":49,"column":16}},"3":{"start":{"line":31,"column":16},"end":{"line":31,"column":20}},"4":{"start":{"line":32,"column":12},"end":{"line":32,"column":63}},"5":{"start":{"line":33,"column":12},"end":{"line":33,"column":100}},"6":{"start":{"line":34,"column":12},"end":{"line":34,"column":64}},"7":{"start":{"line":34,"column":57},"end":{"line":34,"column":64}},"8":{"start":{"line":37,"column":12},"end":{"line":47,"column":13}},"9":{"start":{"line":40,"column":16},"end":{"line":43,"column":17}},"10":{"start":{"line":41,"column":20},"end":{"line":41,"column":56}},"11":{"start":{"line":42,"column":20},"end":{"line":42,"column":27}},"12":{"start":{"line":44,"column":16},"end":{"line":44,"column":34}},"13":{"start":{"line":46,"column":16},"end":{"line":46,"column":37}},"14":{"start":{"line":53,"column":16},"end":{"line":55,"column":5}},"15":{"start":{"line":54,"column":8},"end":{"line":54,"column":48}},"16":{"start":{"line":58,"column":8},"end":{"line":58,"column":43}},"17":{"start":{"line":62,"column":8},"end":{"line":62,"column":31}},"18":{"start":{"line":66,"column":8},"end":{"line":91,"column":9}},"19":{"start":{"line":83,"column":50},"end":{"line":83,"column":105}},"20":{"start":{"line":95,"column":24},"end":{"line":100,"column":1}},"21":{"start":{"line":96,"column":4},"end":{"line":99,"column":5}},"22":{"start":{"line":102,"column":27},"end":{"line":109,"column":1}},"23":{"start":{"line":103,"column":4},"end":{"line":108,"column":5}},"24":{"start":{"line":105,"column":12},"end":{"line":105,"column":47}},"25":{"start":{"line":106,"column":12},"end":{"line":106,"column":60}}},"fnMap":{"0":{"name":"(anonymous_0)","decl":{"start":{"line":16,"column":4},"end":{"line":16,"column":5}},"loc":{"start":{"line":16,"column":23},"end":{"line":51,"column":5}},"line":16},"1":{"name":"(anonymous_1)","decl":{"start":{"line":24,"column":35},"end":{"line":24,"column":36}},"loc":{"start":{"line":24,"column":41},"end":{"line":49,"column":9}},"line":24},"2":{"name":"(anonymous_2)","decl":{"start":{"line":53,"column":16},"end":{"line":53,"column":17}},"loc":{"start":{"line":53,"column":22},"end":{"line":55,"column":5}},"line":53},"3":{"name":"(anonymous_3)","decl":{"start":{"line":57,"column":4},"end":{"line":57,"column":5}},"loc":{"start":{"line":57,"column":24},"end":{"line":59,"column":5}},"line":57},"4":{"name":"(anonymous_4)","decl":{"start":{"line":61,"column":4},"end":{"line":61,"column":5}},"loc":{"start":{"line":61,"column":25},"end":{"line":63,"column":5}},"line":61},"5":{"name":"(anonymous_5)","decl":{"start":{"line":65,"column":4},"end":{"line":65,"column":5}},"loc":{"start":{"line":65,"column":13},"end":{"line":92,"column":5}},"line":65},"6":{"name":"(anonymous_6)","decl":{"start":{"line":83,"column":42},"end":{"line":83,"column":43}},"loc":{"start":{"line":83,"column":50},"end":{"line":83,"column":105}},"line":83},"7":{"name":"(anonymous_7)","decl":{"start":{"line":95,"column":24},"end":{"line":95,"column":25}},"loc":{"start":{"line":95,"column":33},"end":{"line":100,"column":1}},"line":95},"8":{"name":"(anonymous_8)","decl":{"start":{"line":102,"column":27},"end":{"line":102,"column":28}},"loc":{"start":{"line":102,"column":41},"end":{"line":109,"column":1}},"line":102},"9":{"name":"(anonymous_9)","decl":{"start":{"line":104,"column":19},"end":{"line":104,"column":20}},"loc":{"start":{"line":104,"column":31},"end":{"line":107,"column":9}},"line":104}},"branchMap":{"0":{"loc":{"start":{"line":34,"column":12},"end":{"line":34,"column":64}},"type":"if","locations":[{"start":{"line":34,"column":12},"end":{"line":34,"column":64}},{"start":{"line":34,"column":12},"end":{"line":34,"column":64}}],"line":34},"1":{"loc":{"start":{"line":34,"column":16},"end":{"line":34,"column":55}},"type":"binary-expr","locations":[{"start":{"line":34,"column":16},"end":{"line":34,"column":21}},{"start":{"line":34,"column":25},"end":{"line":34,"column":43}},{"start":{"line":34,"column":47},"end":{"line":34,"column":55}}],"line":34},"2":{"loc":{"start":{"line":37,"column":12},"end":{"line":47,"column":13}},"type":"if","locations":[{"start":{"line":37,"column":12},"end":{"line":47,"column":13}},{"start":{"line":37,"column":12},"end":{"line":47,"column":13}}],"line":37},"3":{"loc":{"start":{"line":40,"column":16},"end":{"line":43,"column":17}},"type":"if","locations":[{"start":{"line":40,"column":16},"end":{"line":43,"column":17}},{"start":{"line":40,"column":16},"end":{"line":43,"column":17}}],"line":40},"4":{"loc":{"start":{"line":85,"column":21},"end":{"line":85,"column":78}},"type":"cond-expr","locations":[{"start":{"line":85,"column":49},"end":{"line":85,"column":71}},{"start":{"line":85,"column":74},"end":{"line":85,"column":78}}],"line":85}},"s":{"0":0,"1":0,"2":0,"3":0,"4":0,"5":0,"6":0,"7":0,"8":0,"9":0,"10":0,"11":0,"12":0,"13":0,"14":0,"15":0,"16":0,"17":0,"18":0,"19":0,"20":0,"21":0,"22":0,"23":0,"24":0,"25":0},"f":{"0":0,"1":0,"2":0,"3":0,"4":0,"5":0,"6":0,"7":0,"8":0,"9":0},"b":{"0":[0,0],"1":[0,0,0],"2":[0,0],"3":[0,0],"4":[0,0]},"hash":"2444f0455a0749bd727453bd31a2fa6fda69b88f"}
,"/Users/saheedyususf/react-app/react-social-app/src/redux/reducer-action.js": {"path":"/Users/saheedyususf/react-app/react-social-app/src/redux/reducer-action.js","statementMap":{"0":{"start":{"line":1,"column":23},"end":{"line":8,"column":1}}},"fnMap":{},"branchMap":{},"s":{"0":0},"f":{},"b":{},"hash":"d54ea6fe71a1a36fc8ba657e38c4093690303633"}
,"/Users/saheedyususf/react-app/react-social-app/src/redux/reducer.js": {"path":"/Users/saheedyususf/react-app/react-social-app/src/redux/reducer.js","statementMap":{"0":{"start":{"line":1,"column":21},"end":{"line":10,"column":1}},"1":{"start":{"line":12,"column":16},"end":{"line":42,"column":1}},"2":{"start":{"line":13,"column":4},"end":{"line":13,"column":28}},"3":{"start":{"line":14,"column":4},"end":{"line":40,"column":5}},"4":{"start":{"line":16,"column":12},"end":{"line":18,"column":13}},"5":{"start":{"line":17,"column":16},"end":{"line":17,"column":163}},"6":{"start":{"line":19,"column":12},"end":{"line":19,"column":109}},"7":{"start":{"line":21,"column":12},"end":{"line":21,"column":64}},"8":{"start":{"line":22,"column":12},"end":{"line":22,"column":68}},"9":{"start":{"line":24,"column":12},"end":{"line":24,"column":65}},"10":{"start":{"line":25,"column":12},"end":{"line":25,"column":69}},"11":{"start":{"line":27,"column":12},"end":{"line":27,"column":46}},"12":{"start":{"line":28,"column":12},"end":{"line":28,"column":69}},"13":{"start":{"line":30,"column":12},"end":{"line":30,"column":41}},"14":{"start":{"line":31,"column":12},"end":{"line":31,"column":68}},"15":{"start":{"line":33,"column":12},"end":{"line":33,"column":89}},"16":{"start":{"line":35,"column":12},"end":{"line":35,"column":79}},"17":{"start":{"line":36,"column":12},"end":{"line":36,"column":79}},"18":{"start":{"line":38,"column":12},"end":{"line":38,"column":37}},"19":{"start":{"line":39,"column":12},"end":{"line":39,"column":24}}},"fnMap":{"0":{"name":"(anonymous_0)","decl":{"start":{"line":12,"column":16},"end":{"line":12,"column":17}},"loc":{"start":{"line":12,"column":50},"end":{"line":42,"column":1}},"line":12}},"branchMap":{"0":{"loc":{"start":{"line":12,"column":17},"end":{"line":12,"column":37}},"type":"default-arg","locations":[{"start":{"line":12,"column":25},"end":{"line":12,"column":37}}],"line":12},"1":{"loc":{"start":{"line":14,"column":4},"end":{"line":40,"column":5}},"type":"switch","locations":[{"start":{"line":15,"column":8},"end":{"line":19,"column":109}},{"start":{"line":20,"column":8},"end":{"line":22,"column":68}},{"start":{"line":23,"column":8},"end":{"line":25,"column":69}},{"start":{"line":26,"column":8},"end":{"line":28,"column":69}},{"start":{"line":29,"column":8},"end":{"line":31,"column":68}},{"start":{"line":32,"column":8},"end":{"line":33,"column":89}},{"start":{"line":34,"column":8},"end":{"line":36,"column":79}},{"start":{"line":37,"column":8},"end":{"line":39,"column":24}}],"line":14},"2":{"loc":{"start":{"line":16,"column":12},"end":{"line":18,"column":13}},"type":"if","locations":[{"start":{"line":16,"column":12},"end":{"line":18,"column":13}},{"start":{"line":16,"column":12},"end":{"line":18,"column":13}}],"line":16}},"s":{"0":0,"1":0,"2":0,"3":0,"4":0,"5":0,"6":0,"7":0,"8":0,"9":0,"10":0,"11":0,"12":0,"13":0,"14":0,"15":0,"16":0,"17":0,"18":0,"19":0},"f":{"0":0},"b":{"0":[0],"1":[0,0,0,0,0,0,0,0],"2":[0,0]},"hash":"8afcb2685a7966c6f1a096a3450793e25b802899"}
,"/Users/saheedyususf/react-app/react-social-app/src/redux/store.js": {"path":"/Users/saheedyususf/react-app/react-social-app/src/redux/store.js","statementMap":{"0":{"start":{"line":6,"column":12},"end":{"line":6,"column":56}}},"fnMap":{},"branchMap":{},"s":{"0":0},"f":{},"b":{},"hash":"15047d906c88f03abffb35ee9d8e99f1f1c52a2e"}
,"/Users/saheedyususf/react-app/react-social-app/src/redux/thunk-functions.js": {"path":"/Users/saheedyususf/react-app/react-social-app/src/redux/thunk-functions.js","statementMap":{"0":{"start":{"line":4,"column":17},"end":{"line":4,"column":41}},"1":{"start":{"line":5,"column":17},"end":{"line":5,"column":19}},"2":{"start":{"line":7,"column":18},"end":{"line":9,"column":1}},"3":{"start":{"line":8,"column":4},"end":{"line":8,"column":77}},"4":{"start":{"line":11,"column":41},"end":{"line":22,"column":1}},"5":{"start":{"line":12,"column":4},"end":{"line":20,"column":5}},"6":{"start":{"line":13,"column":8},"end":{"line":16,"column":9}},"7":{"start":{"line":14,"column":12},"end":{"line":14,"column":52}},"8":{"start":{"line":15,"column":12},"end":{"line":15,"column":46}},"9":{"start":{"line":18,"column":8},"end":{"line":18,"column":57}},"10":{"start":{"line":19,"column":8},"end":{"line":19,"column":42}},"11":{"start":{"line":23,"column":28},"end":{"line":90,"column":1}},"12":{"start":{"line":26,"column":8},"end":{"line":26,"column":62}},"13":{"start":{"line":27,"column":8},"end":{"line":47,"column":9}},"14":{"start":{"line":28,"column":12},"end":{"line":46,"column":13}},"15":{"start":{"line":29,"column":37},"end":{"line":29,"column":47}},"16":{"start":{"line":30,"column":26},"end":{"line":30,"column":83}},"17":{"start":{"line":31,"column":16},"end":{"line":33,"column":17}},"18":{"start":{"line":32,"column":21},"end":{"line":32,"column":109}},"19":{"start":{"line":34,"column":16},"end":{"line":42,"column":19}},"20":{"start":{"line":38,"column":20},"end":{"line":38,"column":69}},"21":{"start":{"line":40,"column":20},"end":{"line":40,"column":60}},"22":{"start":{"line":41,"column":20},"end":{"line":41,"column":71}},"23":{"start":{"line":44,"column":16},"end":{"line":44,"column":31}},"24":{"start":{"line":45,"column":16},"end":{"line":45,"column":67}},"25":{"start":{"line":52,"column":8},"end":{"line":52,"column":48}},"26":{"start":{"line":53,"column":8},"end":{"line":68,"column":9}},"27":{"start":{"line":54,"column":12},"end":{"line":67,"column":15}},"28":{"start":{"line":59,"column":16},"end":{"line":59,"column":72}},"29":{"start":{"line":60,"column":16},"end":{"line":60,"column":55}},"30":{"start":{"line":64,"column":16},"end":{"line":64,"column":35}},"31":{"start":{"line":65,"column":16},"end":{"line":65,"column":54}},"32":{"start":{"line":66,"column":16},"end":{"line":66,"column":55}},"33":{"start":{"line":73,"column":8},"end":{"line":87,"column":9}},"34":{"start":{"line":74,"column":12},"end":{"line":86,"column":13}},"35":{"start":{"line":75,"column":16},"end":{"line":83,"column":19}},"36":{"start":{"line":79,"column":20},"end":{"line":79,"column":73}},"37":{"start":{"line":81,"column":20},"end":{"line":81,"column":63}},"38":{"start":{"line":82,"column":20},"end":{"line":82,"column":58}}},"fnMap":{"0":{"name":"(anonymous_0)","decl":{"start":{"line":7,"column":18},"end":{"line":7,"column":19}},"loc":{"start":{"line":7,"column":24},"end":{"line":9,"column":1}},"line":7},"1":{"name":"(anonymous_1)","decl":{"start":{"line":11,"column":41},"end":{"line":11,"column":42}},"loc":{"start":{"line":11,"column":52},"end":{"line":22,"column":1}},"line":11},"2":{"name":"(anonymous_2)","decl":{"start":{"line":25,"column":16},"end":{"line":25,"column":17}},"loc":{"start":{"line":25,"column":30},"end":{"line":49,"column":5}},"line":25},"3":{"name":"(anonymous_3)","decl":{"start":{"line":27,"column":16},"end":{"line":27,"column":17}},"loc":{"start":{"line":27,"column":40},"end":{"line":47,"column":9}},"line":27},"4":{"name":"(anonymous_4)","decl":{"start":{"line":37,"column":24},"end":{"line":37,"column":25}},"loc":{"start":{"line":37,"column":30},"end":{"line":39,"column":17}},"line":37},"5":{"name":"(anonymous_5)","decl":{"start":{"line":39,"column":25},"end":{"line":39,"column":26}},"loc":{"start":{"line":39,"column":41},"end":{"line":42,"column":17}},"line":39},"6":{"name":"(anonymous_6)","decl":{"start":{"line":51,"column":16},"end":{"line":51,"column":17}},"loc":{"start":{"line":51,"column":21},"end":{"line":70,"column":5}},"line":51},"7":{"name":"(anonymous_7)","decl":{"start":{"line":53,"column":15},"end":{"line":53,"column":16}},"loc":{"start":{"line":53,"column":39},"end":{"line":68,"column":9}},"line":53},"8":{"name":"(anonymous_8)","decl":{"start":{"line":58,"column":18},"end":{"line":58,"column":19}},"loc":{"start":{"line":58,"column":25},"end":{"line":62,"column":13}},"line":58},"9":{"name":"(anonymous_9)","decl":{"start":{"line":63,"column":19},"end":{"line":63,"column":20}},"loc":{"start":{"line":63,"column":26},"end":{"line":67,"column":13}},"line":63},"10":{"name":"(anonymous_10)","decl":{"start":{"line":72,"column":26},"end":{"line":72,"column":27}},"loc":{"start":{"line":72,"column":32},"end":{"line":88,"column":5}},"line":72},"11":{"name":"(anonymous_11)","decl":{"start":{"line":73,"column":15},"end":{"line":73,"column":16}},"loc":{"start":{"line":73,"column":39},"end":{"line":87,"column":9}},"line":73},"12":{"name":"(anonymous_12)","decl":{"start":{"line":78,"column":24},"end":{"line":78,"column":25}},"loc":{"start":{"line":78,"column":30},"end":{"line":80,"column":17}},"line":78},"13":{"name":"(anonymous_13)","decl":{"start":{"line":80,"column":25},"end":{"line":80,"column":26}},"loc":{"start":{"line":80,"column":32},"end":{"line":83,"column":17}},"line":80}},"branchMap":{"0":{"loc":{"start":{"line":13,"column":8},"end":{"line":16,"column":9}},"type":"if","locations":[{"start":{"line":13,"column":8},"end":{"line":16,"column":9}},{"start":{"line":13,"column":8},"end":{"line":16,"column":9}}],"line":13},"1":{"loc":{"start":{"line":25,"column":17},"end":{"line":25,"column":25}},"type":"default-arg","locations":[{"start":{"line":25,"column":24},"end":{"line":25,"column":25}}],"line":25},"2":{"loc":{"start":{"line":31,"column":16},"end":{"line":33,"column":17}},"type":"if","locations":[{"start":{"line":31,"column":16},"end":{"line":33,"column":17}},{"start":{"line":31,"column":16},"end":{"line":33,"column":17}}],"line":31}},"s":{"0":0,"1":0,"2":0,"3":0,"4":0,"5":0,"6":0,"7":0,"8":0,"9":0,"10":0,"11":0,"12":0,"13":0,"14":0,"15":0,"16":0,"17":0,"18":0,"19":0,"20":0,"21":0,"22":0,"23":0,"24":0,"25":0,"26":0,"27":0,"28":0,"29":0,"30":0,"31":0,"32":0,"33":0,"34":0,"35":0,"36":0,"37":0,"38":0},"f":{"0":0,"1":0,"2":0,"3":0,"4":0,"5":0,"6":0,"7":0,"8":0,"9":0,"10":0,"11":0,"12":0,"13":0},"b":{"0":[0,0],"1":[0],"2":[0,0]},"hash":"96ffc3ad4c12a22140847153c6ef4cd796eaf231"}
,"/Users/saheedyususf/react-app/react-social-app/src/signup/signup.js": {"path":"/Users/saheedyususf/react-app/react-social-app/src/signup/signup.js","statementMap":{"0":{"start":{"line":12,"column":8},"end":{"line":12,"column":21}},"1":{"start":{"line":13,"column":8},"end":{"line":22,"column":9}},"2":{"start":{"line":23,"column":8},"end":{"line":23,"column":67}},"3":{"start":{"line":26,"column":24},"end":{"line":30,"column":5}},"4":{"start":{"line":27,"column":8},"end":{"line":29,"column":11}},"5":{"start":{"line":32,"column":13},"end":{"line":51,"column":5}},"6":{"start":{"line":33,"column":8},"end":{"line":33,"column":27}},"7":{"start":{"line":34,"column":8},"end":{"line":34,"column":32}},"8":{"start":{"line":35,"column":25},"end":{"line":35,"column":62}},"9":{"start":{"line":36,"column":8},"end":{"line":36,"column":30}},"10":{"start":{"line":37,"column":8},"end":{"line":50,"column":9}},"11":{"start":{"line":38,"column":12},"end":{"line":38,"column":94}},"12":{"start":{"line":39,"column":12},"end":{"line":47,"column":15}},"13":{"start":{"line":49,"column":12},"end":{"line":49,"column":92}},"14":{"start":{"line":54,"column":8},"end":{"line":126,"column":9}}},"fnMap":{"0":{"name":"(anonymous_0)","decl":{"start":{"line":11,"column":4},"end":{"line":11,"column":5}},"loc":{"start":{"line":11,"column":23},"end":{"line":24,"column":5}},"line":11},"1":{"name":"(anonymous_1)","decl":{"start":{"line":26,"column":24},"end":{"line":26,"column":25}},"loc":{"start":{"line":26,"column":35},"end":{"line":30,"column":5}},"line":26},"2":{"name":"(anonymous_2)","decl":{"start":{"line":32,"column":13},"end":{"line":32,"column":14}},"loc":{"start":{"line":32,"column":26},"end":{"line":51,"column":5}},"line":32},"3":{"name":"(anonymous_3)","decl":{"start":{"line":53,"column":4},"end":{"line":53,"column":5}},"loc":{"start":{"line":53,"column":13},"end":{"line":127,"column":5}},"line":53}},"branchMap":{"0":{"loc":{"start":{"line":37,"column":8},"end":{"line":50,"column":9}},"type":"if","locations":[{"start":{"line":37,"column":8},"end":{"line":50,"column":9}},{"start":{"line":37,"column":8},"end":{"line":50,"column":9}}],"line":37}},"s":{"0":0,"1":0,"2":0,"3":0,"4":0,"5":0,"6":0,"7":0,"8":0,"9":0,"10":0,"11":0,"12":0,"13":0,"14":0},"f":{"0":0,"1":0,"2":0,"3":0},"b":{"0":[0,0]},"hash":"e8e1e63e0482d0d07b2e9fcf35579f25a32e6031"}
,"/Users/saheedyususf/react-app/react-social-app/src/user/user-service.js": {"path":"/Users/saheedyususf/react-app/react-social-app/src/user/user-service.js","statementMap":{"0":{"start":{"line":2,"column":17},"end":{"line":2,"column":41}},"1":{"start":{"line":4,"column":20},"end":{"line":27,"column":1}},"2":{"start":{"line":7,"column":8},"end":{"line":23,"column":9}},"3":{"start":{"line":8,"column":12},"end":{"line":20,"column":15}},"4":{"start":{"line":12,"column":16},"end":{"line":12,"column":37}},"5":{"start":{"line":13,"column":16},"end":{"line":13,"column":32}},"6":{"start":{"line":15,"column":16},"end":{"line":15,"column":59}},"7":{"start":{"line":16,"column":16},"end":{"line":19,"column":17}},"8":{"start":{"line":17,"column":20},"end":{"line":17,"column":60}},"9":{"start":{"line":18,"column":20},"end":{"line":18,"column":54}},"10":{"start":{"line":22,"column":12},"end":{"line":22,"column":53}}},"fnMap":{"0":{"name":"(anonymous_0)","decl":{"start":{"line":6,"column":28},"end":{"line":6,"column":29}},"loc":{"start":{"line":6,"column":40},"end":{"line":25,"column":5}},"line":6},"1":{"name":"(anonymous_1)","decl":{"start":{"line":11,"column":20},"end":{"line":11,"column":21}},"loc":{"start":{"line":11,"column":26},"end":{"line":14,"column":13}},"line":11},"2":{"name":"(anonymous_2)","decl":{"start":{"line":14,"column":21},"end":{"line":14,"column":22}},"loc":{"start":{"line":14,"column":28},"end":{"line":20,"column":13}},"line":14}},"branchMap":{"0":{"loc":{"start":{"line":16,"column":16},"end":{"line":19,"column":17}},"type":"if","locations":[{"start":{"line":16,"column":16},"end":{"line":19,"column":17}},{"start":{"line":16,"column":16},"end":{"line":19,"column":17}}],"line":16}},"s":{"0":0,"1":0,"2":0,"3":0,"4":0,"5":0,"6":0,"7":0,"8":0,"9":0,"10":0},"f":{"0":0,"1":0,"2":0},"b":{"0":[0,0]},"hash":"395eac8a72373fd07b8cb557ea091592d9238f52"}
,"/Users/saheedyususf/react-app/react-social-app/src/user/user.js": {"path":"/Users/saheedyususf/react-app/react-social-app/src/user/user.js","statementMap":{"0":{"start":{"line":11,"column":8},"end":{"line":11,"column":21}},"1":{"start":{"line":12,"column":8},"end":{"line":12,"column":33}},"2":{"start":{"line":13,"column":8},"end":{"line":13,"column":31}},"3":{"start":{"line":14,"column":8},"end":{"line":21,"column":10}},"4":{"start":{"line":22,"column":8},"end":{"line":22,"column":67}},"5":{"start":{"line":24,"column":8},"end":{"line":26,"column":10}},"6":{"start":{"line":25,"column":12},"end":{"line":25,"column":167}},"7":{"start":{"line":28,"column":8},"end":{"line":51,"column":11}},"8":{"start":{"line":29,"column":12},"end":{"line":29,"column":35}},"9":{"start":{"line":30,"column":24},"end":{"line":30,"column":33}},"10":{"start":{"line":31,"column":12},"end":{"line":47,"column":13}},"11":{"start":{"line":32,"column":16},"end":{"line":46,"column":17}},"12":{"start":{"line":33,"column":20},"end":{"line":33,"column":49}},"13":{"start":{"line":34,"column":20},"end":{"line":37,"column":23}},"14":{"start":{"line":39,"column":20},"end":{"line":45,"column":21}},"15":{"start":{"line":40,"column":24},"end":{"line":40,"column":73}},"16":{"start":{"line":41,"column":39},"end":{"line":41,"column":99}},"17":{"start":{"line":42,"column":24},"end":{"line":44,"column":27}},"18":{"start":{"line":48,"column":12},"end":{"line":50,"column":14}},"19":{"start":{"line":53,"column":8},"end":{"line":53,"column":63}},"20":{"start":{"line":54,"column":8},"end":{"line":54,"column":55}},"21":{"start":{"line":55,"column":8},"end":{"line":55,"column":67}},"22":{"start":{"line":56,"column":8},"end":{"line":75,"column":11}},"23":{"start":{"line":57,"column":23},"end":{"line":57,"column":63}},"24":{"start":{"line":58,"column":12},"end":{"line":58,"column":48}},"25":{"start":{"line":59,"column":12},"end":{"line":59,"column":67}},"26":{"start":{"line":60,"column":12},"end":{"line":72,"column":13}},"27":{"start":{"line":61,"column":29},"end":{"line":61,"column":126}},"28":{"start":{"line":62,"column":34},"end":{"line":62,"column":56}},"29":{"start":{"line":63,"column":16},"end":{"line":63,"column":77}},"30":{"start":{"line":64,"column":16},"end":{"line":64,"column":39}},"31":{"start":{"line":65,"column":31},"end":{"line":65,"column":91}},"32":{"start":{"line":66,"column":16},"end":{"line":68,"column":19}},"33":{"start":{"line":69,"column":16},"end":{"line":69,"column":77}},"34":{"start":{"line":71,"column":16},"end":{"line":71,"column":80}},"35":{"start":{"line":78,"column":22},"end":{"line":84,"column":5}},"36":{"start":{"line":79,"column":8},"end":{"line":79,"column":52}},"37":{"start":{"line":80,"column":8},"end":{"line":83,"column":11}},"38":{"start":{"line":86,"column":18},"end":{"line":96,"column":5}},"39":{"start":{"line":87,"column":8},"end":{"line":87,"column":86}},"40":{"start":{"line":87,"column":77},"end":{"line":87,"column":84}},"41":{"start":{"line":88,"column":30},"end":{"line":92,"column":9}},"42":{"start":{"line":94,"column":8},"end":{"line":94,"column":64}},"43":{"start":{"line":95,"column":8},"end":{"line":95,"column":39}},"44":{"start":{"line":98,"column":24},"end":{"line":102,"column":5}},"45":{"start":{"line":99,"column":8},"end":{"line":101,"column":11}},"46":{"start":{"line":104,"column":8},"end":{"line":145,"column":9}},"47":{"start":{"line":112,"column":28},"end":{"line":116,"column":34}},"48":{"start":{"line":112,"column":96},"end":{"line":112,"column":131}},"49":{"start":{"line":125,"column":149},"end":{"line":129,"column":39}}},"fnMap":{"0":{"name":"(anonymous_0)","decl":{"start":{"line":10,"column":4},"end":{"line":10,"column":5}},"loc":{"start":{"line":10,"column":23},"end":{"line":76,"column":5}},"line":10},"1":{"name":"(anonymous_1)","decl":{"start":{"line":24,"column":46},"end":{"line":24,"column":47}},"loc":{"start":{"line":24,"column":52},"end":{"line":26,"column":9}},"line":24},"2":{"name":"(anonymous_2)","decl":{"start":{"line":28,"column":36},"end":{"line":28,"column":37}},"loc":{"start":{"line":28,"column":44},"end":{"line":51,"column":9}},"line":28},"3":{"name":"(anonymous_3)","decl":{"start":{"line":56,"column":51},"end":{"line":56,"column":52}},"loc":{"start":{"line":56,"column":59},"end":{"line":75,"column":9}},"line":56},"4":{"name":"(anonymous_4)","decl":{"start":{"line":78,"column":22},"end":{"line":78,"column":23}},"loc":{"start":{"line":78,"column":36},"end":{"line":84,"column":5}},"line":78},"5":{"name":"(anonymous_5)","decl":{"start":{"line":86,"column":18},"end":{"line":86,"column":19}},"loc":{"start":{"line":86,"column":24},"end":{"line":96,"column":5}},"line":86},"6":{"name":"(anonymous_6)","decl":{"start":{"line":98,"column":24},"end":{"line":98,"column":25}},"loc":{"start":{"line":98,"column":31},"end":{"line":102,"column":5}},"line":98},"7":{"name":"(anonymous_7)","decl":{"start":{"line":103,"column":4},"end":{"line":103,"column":5}},"loc":{"start":{"line":103,"column":13},"end":{"line":146,"column":5}},"line":103},"8":{"name":"(anonymous_8)","decl":{"start":{"line":111,"column":52},"end":{"line":111,"column":53}},"loc":{"start":{"line":112,"column":28},"end":{"line":116,"column":34}},"line":112},"9":{"name":"(anonymous_9)","decl":{"start":{"line":112,"column":88},"end":{"line":112,"column":89}},"loc":{"start":{"line":112,"column":94},"end":{"line":112,"column":133}},"line":112},"10":{"name":"(anonymous_10)","decl":{"start":{"line":125,"column":141},"end":{"line":125,"column":142}},"loc":{"start":{"line":125,"column":149},"end":{"line":129,"column":39}},"line":125}},"branchMap":{"0":{"loc":{"start":{"line":32,"column":16},"end":{"line":46,"column":17}},"type":"if","locations":[{"start":{"line":32,"column":16},"end":{"line":46,"column":17}},{"start":{"line":32,"column":16},"end":{"line":46,"column":17}}],"line":32},"1":{"loc":{"start":{"line":32,"column":20},"end":{"line":32,"column":104}},"type":"binary-expr","locations":[{"start":{"line":32,"column":20},"end":{"line":32,"column":77}},{"start":{"line":32,"column":81},"end":{"line":32,"column":104}}],"line":32},"2":{"loc":{"start":{"line":39,"column":20},"end":{"line":45,"column":21}},"type":"if","locations":[{"start":{"line":39,"column":20},"end":{"line":45,"column":21}},{"start":{"line":39,"column":20},"end":{"line":45,"column":21}}],"line":39},"3":{"loc":{"start":{"line":60,"column":12},"end":{"line":72,"column":13}},"type":"if","locations":[{"start":{"line":60,"column":12},"end":{"line":72,"column":13}},{"start":{"line":60,"column":12},"end":{"line":72,"column":13}}],"line":60},"4":{"loc":{"start":{"line":60,"column":16},"end":{"line":60,"column":140}},"type":"binary-expr","locations":[{"start":{"line":60,"column":16},"end":{"line":60,"column":75}},{"start":{"line":60,"column":79},"end":{"line":60,"column":140}}],"line":60},"5":{"loc":{"start":{"line":61,"column":29},"end":{"line":61,"column":126}},"type":"cond-expr","locations":[{"start":{"line":61,"column":91},"end":{"line":61,"column":106}},{"start":{"line":61,"column":109},"end":{"line":61,"column":126}}],"line":61},"6":{"loc":{"start":{"line":63,"column":30},"end":{"line":63,"column":76}},"type":"cond-expr","locations":[{"start":{"line":63,"column":60},"end":{"line":63,"column":62}},{"start":{"line":63,"column":65},"end":{"line":63,"column":76}}],"line":63},"7":{"loc":{"start":{"line":87,"column":8},"end":{"line":87,"column":86}},"type":"if","locations":[{"start":{"line":87,"column":8},"end":{"line":87,"column":86}},{"start":{"line":87,"column":8},"end":{"line":87,"column":86}}],"line":87},"8":{"loc":{"start":{"line":87,"column":12},"end":{"line":87,"column":73}},"type":"binary-expr","locations":[{"start":{"line":87,"column":12},"end":{"line":87,"column":44}},{"start":{"line":87,"column":48},"end":{"line":87,"column":73}}],"line":87},"9":{"loc":{"start":{"line":125,"column":33},"end":{"line":130,"column":33}},"type":"cond-expr","locations":[{"start":{"line":125,"column":77},"end":{"line":125,"column":81}},{"start":{"line":125,"column":84},"end":{"line":130,"column":33}}],"line":125},"10":{"loc":{"start":{"line":126,"column":33},"end":{"line":128,"column":175}},"type":"cond-expr","locations":[{"start":{"line":126,"column":97},"end":{"line":127,"column":54}},{"start":{"line":128,"column":32},"end":{"line":128,"column":175}}],"line":126}},"s":{"0":7,"1":7,"2":7,"3":7,"4":7,"5":7,"6":0,"7":7,"8":0,"9":0,"10":0,"11":0,"12":0,"13":0,"14":0,"15":0,"16":0,"17":0,"18":0,"19":7,"20":7,"21":7,"22":7,"23":0,"24":0,"25":0,"26":0,"27":0,"28":0,"29":0,"30":0,"31":0,"32":0,"33":0,"34":0,"35":7,"36":2,"37":2,"38":7,"39":0,"40":0,"41":0,"42":0,"43":0,"44":7,"45":0,"46":13,"47":12,"48":2,"49":0},"f":{"0":7,"1":0,"2":0,"3":0,"4":2,"5":0,"6":0,"7":13,"8":12,"9":2,"10":0},"b":{"0":[0,0],"1":[0,0],"2":[0,0],"3":[0,0],"4":[0,0],"5":[0,0],"6":[0,0],"7":[0,0],"8":[0,0],"9":[11,2],"10":[0,0]},"_coverageSchema":"43e27e138ebf9cfc5966b082cf9a028302ed4184","hash":"875ae5efb4453aef7904f261f98491879afc91d7"}
}
