TN:
SF:/Users/saheedyususf/react-app/react-social-app/src/App.js
FN:5,App
FNF:1
FNH:0
FNDA:0,App
DA:6,0
LF:1
LH:0
BRF:0
BRH:0
end_of_record
TN:
SF:/Users/saheedyususf/react-app/react-social-app/src/index.js
FNF:0
FNH:0
DA:10,0
DA:12,0
DA:21,0
LF:3
LH:0
BRDA:10,0,0,0
BRDA:10,0,1,0
BRF:2
BRH:0
end_of_record
TN:
SF:/Users/saheedyususf/react-app/react-social-app/src/serviceWorker.js
FN:23,register
FN:34,(anonymous_1)
FN:43,(anonymous_2)
FN:57,registerValidSW
FN:60,(anonymous_4)
FN:61,(anonymous_5)
FN:66,(anonymous_6)
FN:96,(anonymous_7)
FN:101,checkValidServiceWorker
FN:106,(anonymous_9)
FN:114,(anonymous_10)
FN:115,(anonymous_11)
FN:124,(anonymous_12)
FN:131,unregister
FN:133,(anonymous_14)
FNF:15
FNH:0
FNDA:0,register
FNDA:0,(anonymous_1)
FNDA:0,(anonymous_2)
FNDA:0,registerValidSW
FNDA:0,(anonymous_4)
FNDA:0,(anonymous_5)
FNDA:0,(anonymous_6)
FNDA:0,(anonymous_7)
FNDA:0,checkValidServiceWorker
FNDA:0,(anonymous_9)
FNDA:0,(anonymous_10)
FNDA:0,(anonymous_11)
FNDA:0,(anonymous_12)
FNDA:0,unregister
FNDA:0,(anonymous_14)
DA:13,0
DA:24,0
DA:26,0
DA:27,0
DA:31,0
DA:34,0
DA:35,0
DA:37,0
DA:39,0
DA:43,0
DA:44,0
DA:51,0
DA:58,0
DA:61,0
DA:62,0
DA:63,0
DA:64,0
DA:66,0
DA:67,0
DA:68,0
DA:72,0
DA:78,0
DA:79,0
DA:85,0
DA:88,0
DA:89,0
DA:97,0
DA:103,0
DA:108,0
DA:109,0
DA:114,0
DA:115,0
DA:116,0
DA:121,0
DA:125,0
DA:132,0
DA:133,0
DA:134,0
LF:38
LH:0
BRDA:14,0,0,0
BRDA:14,0,1,0
BRDA:14,0,2,0
BRDA:24,1,0,0
BRDA:24,1,1,0
BRDA:24,2,0,0
BRDA:24,2,1,0
BRDA:27,3,0,0
BRDA:27,3,1,0
BRDA:37,4,0,0
BRDA:37,4,1,0
BRDA:63,5,0,0
BRDA:63,5,1,0
BRDA:67,6,0,0
BRDA:67,6,1,0
BRDA:68,7,0,0
BRDA:68,7,1,0
BRDA:78,8,0,0
BRDA:78,8,1,0
BRDA:78,9,0,0
BRDA:78,9,1,0
BRDA:88,10,0,0
BRDA:88,10,1,0
BRDA:88,11,0,0
BRDA:88,11,1,0
BRDA:109,12,0,0
BRDA:109,12,1,0
BRDA:110,13,0,0
BRDA:110,13,1,0
BRDA:110,13,2,0
BRDA:132,14,0,0
BRDA:132,14,1,0
BRF:32
BRH:0
end_of_record
TN:
SF:/Users/saheedyususf/react-app/react-social-app/src/default-page/DefaultPage.js
FN:11,(anonymous_0)
FNF:1
FNH:0
FNDA:0,(anonymous_0)
DA:12,0
LF:1
LH:0
BRF:0
BRH:0
end_of_record
TN:
SF:/Users/saheedyususf/react-app/react-social-app/src/default-page/postPageService.js
FNF:0
FNH:0
LF:0
LH:0
BRF:0
BRH:0
end_of_record
TN:
SF:/Users/saheedyususf/react-app/react-social-app/src/home/home.js
FN:14,(anonymous_0)
FNF:1
FNH:0
FNDA:0,(anonymous_0)
DA:15,0
LF:1
LH:0
BRF:0
BRH:0
end_of_record
TN:
SF:/Users/saheedyususf/react-app/react-social-app/src/login/login.js
FN:13,(anonymous_0)
FN:23,(anonymous_1)
FN:29,(anonymous_2)
FN:35,(anonymous_3)
FN:57,(anonymous_4)
FNF:5
FNH:0
FNDA:0,(anonymous_0)
FNDA:0,(anonymous_1)
FNDA:0,(anonymous_2)
FNDA:0,(anonymous_3)
FNDA:0,(anonymous_4)
DA:14,0
DA:15,0
DA:20,0
DA:23,0
DA:24,0
DA:30,0
DA:31,0
DA:35,0
DA:36,0
DA:39,0
DA:40,0
DA:41,0
DA:42,0
DA:43,0
DA:44,0
DA:45,0
DA:46,0
DA:48,0
DA:50,0
DA:51,0
DA:58,0
LF:21
LH:0
BRDA:30,0,0,0
BRDA:30,0,1,0
BRDA:42,1,0,0
BRDA:42,1,1,0
BRDA:42,2,0,0
BRDA:42,2,1,0
BRDA:83,3,0,0
BRDA:83,3,1,0
BRDA:90,4,0,0
BRDA:90,4,1,0
BRF:10
BRH:0
end_of_record
TN:
SF:/Users/saheedyususf/react-app/react-social-app/src/login/login.service.js
FN:9,(anonymous_0)
FN:36,(anonymous_1)
FN:56,(anonymous_2)
FNF:3
FNH:0
FNDA:0,(anonymous_0)
FNDA:0,(anonymous_1)
FNDA:0,(anonymous_2)
DA:3,0
DA:4,0
DA:5,0
DA:6,0
DA:7,0
DA:9,0
DA:10,0
DA:11,0
DA:12,0
DA:13,0
DA:19,0
DA:22,0
DA:23,0
DA:24,0
DA:25,0
DA:26,0
DA:27,0
DA:28,0
DA:30,0
DA:32,0
DA:36,0
DA:37,0
DA:38,0
DA:39,0
DA:40,0
DA:42,0
DA:43,0
DA:44,0
DA:45,0
DA:46,0
DA:47,0
DA:48,0
DA:50,0
DA:52,0
DA:56,0
DA:57,0
DA:58,0
LF:37
LH:0
BRDA:25,0,0,0
BRDA:25,0,1,0
BRDA:25,1,0,0
BRDA:25,1,1,0
BRDA:26,2,0,0
BRDA:26,2,1,0
BRDA:26,3,0,0
BRDA:26,3,1,0
BRDA:27,4,0,0
BRDA:27,4,1,0
BRDA:45,5,0,0
BRDA:45,5,1,0
BRDA:45,6,0,0
BRDA:45,6,1,0
BRDA:47,7,0,0
BRDA:47,7,1,0
BRF:16
BRH:0
end_of_record
TN:
SF:/Users/saheedyususf/react-app/react-social-app/src/navbar/navbar.js
FN:10,(anonymous_0)
FN:15,(anonymous_1)
FN:21,(anonymous_2)
FNF:3
FNH:0
FNDA:0,(anonymous_0)
FNDA:0,(anonymous_1)
FNDA:0,(anonymous_2)
DA:11,0
DA:12,0
DA:16,0
DA:17,0
DA:18,0
DA:22,0
LF:6
LH:0
BRDA:17,0,0,0
BRDA:17,0,1,0
BRDA:22,1,0,0
BRDA:22,1,1,0
BRF:4
BRH:0
end_of_record
TN:
SF:/Users/saheedyususf/react-app/react-social-app/src/post-page/post-item.js
FN:6,(anonymous_0)
FNF:1
FNH:0
FNDA:0,(anonymous_0)
DA:6,0
DA:8,0
LF:2
LH:0
BRF:0
BRH:0
end_of_record
TN:
SF:/Users/saheedyususf/react-app/react-social-app/src/post-page/post-page.js
FN:16,(anonymous_0)
FN:24,(anonymous_1)
FN:53,(anonymous_2)
FN:57,(anonymous_3)
FN:61,(anonymous_4)
FN:65,(anonymous_5)
FN:83,(anonymous_6)
FN:95,(anonymous_7)
FN:102,(anonymous_8)
FN:104,(anonymous_9)
FNF:10
FNH:0
FNDA:0,(anonymous_0)
FNDA:0,(anonymous_1)
FNDA:0,(anonymous_2)
FNDA:0,(anonymous_3)
FNDA:0,(anonymous_4)
FNDA:0,(anonymous_5)
FNDA:0,(anonymous_6)
FNDA:0,(anonymous_7)
FNDA:0,(anonymous_8)
FNDA:0,(anonymous_9)
DA:17,0
DA:18,0
DA:24,0
DA:31,0
DA:32,0
DA:33,0
DA:34,0
DA:37,0
DA:40,0
DA:41,0
DA:42,0
DA:44,0
DA:46,0
DA:53,0
DA:54,0
DA:58,0
DA:62,0
DA:66,0
DA:83,0
DA:95,0
DA:96,0
DA:102,0
DA:103,0
DA:105,0
DA:106,0
LF:25
LH:0
BRDA:34,0,0,0
BRDA:34,0,1,0
BRDA:34,1,0,0
BRDA:34,1,1,0
BRDA:34,1,2,0
BRDA:37,2,0,0
BRDA:37,2,1,0
BRDA:40,3,0,0
BRDA:40,3,1,0
BRDA:85,4,0,0
BRDA:85,4,1,0
BRF:11
BRH:0
end_of_record
TN:
SF:/Users/saheedyususf/react-app/react-social-app/src/redux/reducer-action.js
FNF:0
FNH:0
DA:1,0
LF:1
LH:0
BRF:0
BRH:0
end_of_record
TN:
SF:/Users/saheedyususf/react-app/react-social-app/src/redux/reducer.js
FN:12,(anonymous_0)
FNF:1
FNH:0
FNDA:0,(anonymous_0)
DA:1,0
DA:12,0
DA:13,0
DA:14,0
DA:16,0
DA:17,0
DA:19,0
DA:21,0
DA:22,0
DA:24,0
DA:25,0
DA:27,0
DA:28,0
DA:30,0
DA:31,0
DA:33,0
DA:35,0
DA:36,0
DA:38,0
DA:39,0
LF:20
LH:0
BRDA:12,0,0,0
BRDA:14,1,0,0
BRDA:14,1,1,0
BRDA:14,1,2,0
BRDA:14,1,3,0
BRDA:14,1,4,0
BRDA:14,1,5,0
BRDA:14,1,6,0
BRDA:14,1,7,0
BRDA:16,2,0,0
BRDA:16,2,1,0
BRF:11
BRH:0
end_of_record
TN:
SF:/Users/saheedyususf/react-app/react-social-app/src/redux/store.js
FNF:0
FNH:0
DA:6,0
LF:1
LH:0
BRF:0
BRH:0
end_of_record
TN:
SF:/Users/saheedyususf/react-app/react-social-app/src/redux/thunk-functions.js
FN:7,(anonymous_0)
FN:11,(anonymous_1)
FN:25,(anonymous_2)
FN:27,(anonymous_3)
FN:37,(anonymous_4)
FN:39,(anonymous_5)
FN:51,(anonymous_6)
FN:53,(anonymous_7)
FN:58,(anonymous_8)
FN:63,(anonymous_9)
FN:72,(anonymous_10)
FN:73,(anonymous_11)
FN:78,(anonymous_12)
FN:80,(anonymous_13)
FNF:14
FNH:0
FNDA:0,(anonymous_0)
FNDA:0,(anonymous_1)
FNDA:0,(anonymous_2)
FNDA:0,(anonymous_3)
FNDA:0,(anonymous_4)
FNDA:0,(anonymous_5)
FNDA:0,(anonymous_6)
FNDA:0,(anonymous_7)
FNDA:0,(anonymous_8)
FNDA:0,(anonymous_9)
FNDA:0,(anonymous_10)
FNDA:0,(anonymous_11)
FNDA:0,(anonymous_12)
FNDA:0,(anonymous_13)
DA:4,0
DA:5,0
DA:7,0
DA:8,0
DA:11,0
DA:12,0
DA:13,0
DA:14,0
DA:15,0
DA:18,0
DA:19,0
DA:23,0
DA:26,0
DA:27,0
DA:28,0
DA:29,0
DA:30,0
DA:31,0
DA:32,0
DA:34,0
DA:38,0
DA:40,0
DA:41,0
DA:44,0
DA:45,0
DA:52,0
DA:53,0
DA:54,0
DA:59,0
DA:60,0
DA:64,0
DA:65,0
DA:66,0
DA:73,0
DA:74,0
DA:75,0
DA:79,0
DA:81,0
DA:82,0
LF:39
LH:0
BRDA:13,0,0,0
BRDA:13,0,1,0
BRDA:25,1,0,0
BRDA:31,2,0,0
BRDA:31,2,1,0
BRF:5
BRH:0
end_of_record
TN:
SF:/Users/saheedyususf/react-app/react-social-app/src/signup/signup.js
FN:11,(anonymous_0)
FN:26,(anonymous_1)
FN:32,(anonymous_2)
FN:53,(anonymous_3)
FNF:4
FNH:0
FNDA:0,(anonymous_0)
FNDA:0,(anonymous_1)
FNDA:0,(anonymous_2)
FNDA:0,(anonymous_3)
DA:12,0
DA:13,0
DA:23,0
DA:26,0
DA:27,0
DA:32,0
DA:33,0
DA:34,0
DA:35,0
DA:36,0
DA:37,0
DA:38,0
DA:39,0
DA:49,0
DA:54,0
LF:15
LH:0
BRDA:37,0,0,0
BRDA:37,0,1,0
BRF:2
BRH:0
end_of_record
TN:
SF:/Users/saheedyususf/react-app/react-social-app/src/user/user-service.js
FN:6,(anonymous_0)
FN:11,(anonymous_1)
FN:14,(anonymous_2)
FNF:3
FNH:0
FNDA:0,(anonymous_0)
FNDA:0,(anonymous_1)
FNDA:0,(anonymous_2)
DA:2,0
DA:4,0
DA:7,0
DA:8,0
DA:12,0
DA:13,0
DA:15,0
DA:16,0
DA:17,0
DA:18,0
DA:22,0
LF:11
LH:0
BRDA:16,0,0,0
BRDA:16,0,1,0
BRF:2
BRH:0
end_of_record
TN:
SF:/Users/saheedyususf/react-app/react-social-app/src/user/user.js
FN:10,(anonymous_0)
FN:24,(anonymous_1)
FN:28,(anonymous_2)
FN:56,(anonymous_3)
FN:78,(anonymous_4)
FN:86,(anonymous_5)
FN:98,(anonymous_6)
FN:103,(anonymous_7)
FN:111,(anonymous_8)
FN:112,(anonymous_9)
FN:125,(anonymous_10)
FNF:11
FNH:5
FNDA:7,(anonymous_0)
FNDA:0,(anonymous_1)
FNDA:0,(anonymous_2)
FNDA:0,(anonymous_3)
FNDA:2,(anonymous_4)
FNDA:0,(anonymous_5)
FNDA:0,(anonymous_6)
FNDA:13,(anonymous_7)
FNDA:12,(anonymous_8)
FNDA:2,(anonymous_9)
FNDA:0,(anonymous_10)
DA:11,7
DA:12,7
DA:13,7
DA:14,7
DA:22,7
DA:24,7
DA:25,0
DA:28,7
DA:29,0
DA:30,0
DA:31,0
DA:32,0
DA:33,0
DA:34,0
DA:39,0
DA:40,0
DA:41,0
DA:42,0
DA:48,0
DA:53,7
DA:54,7
DA:55,7
DA:56,7
DA:57,0
DA:58,0
DA:59,0
DA:60,0
DA:61,0
DA:62,0
DA:63,0
DA:64,0
DA:65,0
DA:66,0
DA:69,0
DA:71,0
DA:78,7
DA:79,2
DA:80,2
DA:86,7
DA:87,0
DA:88,0
DA:94,0
DA:95,0
DA:98,7
DA:99,0
DA:104,13
DA:112,12
DA:125,0
LF:48
LH:18
BRDA:32,0,0,0
BRDA:32,0,1,0
BRDA:32,1,0,0
BRDA:32,1,1,0
BRDA:39,2,0,0
BRDA:39,2,1,0
BRDA:60,3,0,0
BRDA:60,3,1,0
BRDA:60,4,0,0
BRDA:60,4,1,0
BRDA:61,5,0,0
BRDA:61,5,1,0
BRDA:63,6,0,0
BRDA:63,6,1,0
BRDA:87,7,0,0
BRDA:87,7,1,0
BRDA:87,8,0,0
BRDA:87,8,1,0
BRDA:125,9,0,11
BRDA:125,9,1,2
BRDA:126,10,0,0
BRDA:126,10,1,0
BRF:22
BRH:2
end_of_record
